<?xml version="1.0" encoding="UTF-8"?>
<coverage generated="1668696307533" clover="3.2.0">
  <project timestamp="1668696307533" name="All files">
    <metrics statements="10" coveredstatements="6" conditionals="0" coveredconditionals="0" methods="2" coveredmethods="0" elements="12" coveredelements="6" complexity="0" loc="10" ncloc="10" packages="1" files="1" classes="1"/>
    <file name="server.ts" path="/home/wellington-rutes/projects/back/testes/node-jest/src/server.ts">
      <metrics statements="10" coveredstatements="6" conditionals="0" coveredconditionals="0" methods="2" coveredmethods="0"/>
      <line num="1" count="1" type="stmt"/>
      <line num="3" count="1" type="stmt"/>
      <line num="5" count="1" type="stmt"/>
      <line num="7" count="1" type="stmt"/>
      <line num="8" count="0" type="stmt"/>
      <line num="9" count="0" type="stmt"/>
      <line num="12" count="1" type="stmt"/>
      <line num="13" count="0" type="stmt"/>
      <line num="14" count="0" type="stmt"/>
      <line num="20" count="1" type="stmt"/>
    </file>
  </project>
</coverage>
